<?xml version="1.0" encoding="UTF-8"?>
<!-- Generated by org.testng.reporters.JUnitXMLReporter -->
<testsuite ignored="0" hostname="LAPTOP-MH9RAMGA" failures="0" tests="3" name="Default test" time="49.126" errors="0" timestamp="2022-04-16T11:33:54 IST">
  <testcase classname="test_login.data" name="loginTest" time="8.757"/>
  <testcase classname="test_login.data" name="loginTest" time="6.818"/>
  <testcase classname="test_login.data" name="loginTest" time="5.443"/>
</testsuite> <!-- Default test -->
