<?xml version="1.0" encoding="UTF-8"?>
<testng-results ignored="0" total="3" passed="3" failed="0" skipped="0">
  <reporter-output>
  </reporter-output>
  <suite started-at="2022-04-16T11:33:05 IST" name="Default suite" finished-at="2022-04-16T11:33:54 IST" duration-ms="49126">
    <groups>
    </groups>
    <test started-at="2022-04-16T11:33:05 IST" name="Default test" finished-at="2022-04-16T11:33:54 IST" duration-ms="49126">
      <class name="test_login.data">
        <test-method is-config="true" signature="setup()[pri:0, instance:test_login.data@58bf8650]" started-at="2022-04-16T11:33:05 IST" name="setup" finished-at="2022-04-16T11:33:14 IST" duration-ms="9299" status="PASS">
          <reporter-output>
          </reporter-output>
        </test-method> <!-- setup -->
        <test-method signature="loginTest(java.lang.String,java.lang.String)[pri:0, instance:test_login.data@58bf8650]" started-at="2022-04-16T11:33:14 IST" name="loginTest" data-provider="Credentials1" finished-at="2022-04-16T11:33:23 IST" duration-ms="8757" status="PASS">
          <params>
            <param index="0">
              <value>
                <![CDATA[admin]]>
              </value>
            </param>
            <param index="1">
              <value>
                <![CDATA[admin123]]>
              </value>
            </param>
          </params>
          <reporter-output>
          </reporter-output>
        </test-method> <!-- loginTest -->
        <test-method is-config="true" signature="tearDown()[pri:0, instance:test_login.data@58bf8650]" started-at="2022-04-16T11:33:23 IST" name="tearDown" finished-at="2022-04-16T11:33:24 IST" duration-ms="900" status="PASS">
          <reporter-output>
          </reporter-output>
        </test-method> <!-- tearDown -->
        <test-method is-config="true" signature="setup()[pri:0, instance:test_login.data@58bf8650]" started-at="2022-04-16T11:33:24 IST" name="setup" finished-at="2022-04-16T11:33:32 IST" duration-ms="8141" status="PASS">
          <reporter-output>
          </reporter-output>
        </test-method> <!-- setup -->
        <test-method signature="loginTest(java.lang.String,java.lang.String)[pri:0, instance:test_login.data@58bf8650]" started-at="2022-04-16T11:33:32 IST" name="loginTest" data-provider="Credentials1" finished-at="2022-04-16T11:33:39 IST" duration-ms="6818" status="PASS">
          <params>
            <param index="0">
              <value>
                <![CDATA[admin]]>
              </value>
            </param>
            <param index="1">
              <value>
                <![CDATA[admin123]]>
              </value>
            </param>
          </params>
          <reporter-output>
          </reporter-output>
        </test-method> <!-- loginTest -->
        <test-method is-config="true" signature="tearDown()[pri:0, instance:test_login.data@58bf8650]" started-at="2022-04-16T11:33:39 IST" name="tearDown" finished-at="2022-04-16T11:33:40 IST" duration-ms="844" status="PASS">
          <reporter-output>
          </reporter-output>
        </test-method> <!-- tearDown -->
        <test-method is-config="true" signature="setup()[pri:0, instance:test_login.data@58bf8650]" started-at="2022-04-16T11:33:40 IST" name="setup" finished-at="2022-04-16T11:33:48 IST" duration-ms="8094" status="PASS">
          <reporter-output>
          </reporter-output>
        </test-method> <!-- setup -->
        <test-method signature="loginTest(java.lang.String,java.lang.String)[pri:0, instance:test_login.data@58bf8650]" started-at="2022-04-16T11:33:48 IST" name="loginTest" data-provider="Credentials1" finished-at="2022-04-16T11:33:53 IST" duration-ms="5443" status="PASS">
          <params>
            <param index="0">
              <value>
                <![CDATA[admin]]>
              </value>
            </param>
            <param index="1">
              <value>
                <![CDATA[admin123]]>
              </value>
            </param>
          </params>
          <reporter-output>
          </reporter-output>
        </test-method> <!-- loginTest -->
        <test-method is-config="true" signature="tearDown()[pri:0, instance:test_login.data@58bf8650]" started-at="2022-04-16T11:33:53 IST" name="tearDown" finished-at="2022-04-16T11:33:54 IST" duration-ms="754" status="PASS">
          <reporter-output>
          </reporter-output>
        </test-method> <!-- tearDown -->
      </class> <!-- test_login.data -->
    </test> <!-- Default test -->
  </suite> <!-- Default suite -->
</testng-results>
